<?xml version="1.0" encoding="UTF-8"?>
<!-- Generated by org.testng.reporters.JUnitReportReporter -->
<testsuite hostname="DESKTOP-V7R4QNT" failures="0" tests="1" name="day1.Trelloborad" time="6.501" errors="0" timestamp="2024-03-21T11:51:51 IST" skipped="0">
  <testcase classname="day1.Trelloborad" name="Create_Board" time="6.501"/>
  <system-out/>
</testsuite> <!-- day1.Trelloborad -->
