<?xml version="1.0" encoding="UTF-8"?>
<!-- Generated by org.testng.reporters.JUnitReportReporter -->
<testsuite hostname="DESKTOP-V7R4QNT" failures="0" tests="14" name="day1.Day1" time="3.375" errors="0" timestamp="2024-03-21T11:55:07 IST" skipped="13">
  <testcase classname="day1.Day1" name="setup" time="3.375"/>
  <system-out/>
  <testcase classname="day1.Day1" name="create">
    <skipped/>
  </testcase> <!-- create -->
  <system-out/>
  <testcase classname="day1.Day1" name="singleUserNotFound">
    <skipped/>
  </testcase> <!-- singleUserNotFound -->
  <system-out/>
  <testcase classname="day1.Day1" name="loginSuccessFul">
    <skipped/>
  </testcase> <!-- loginSuccessFul -->
  <system-out/>
  <testcase classname="day1.Day1" name="SingleUser">
    <skipped/>
  </testcase> <!-- SingleUser -->
  <system-out/>
  <testcase classname="day1.Day1" name="UnsuccessfulLogin">
    <skipped/>
  </testcase> <!-- UnsuccessfulLogin -->
  <system-out/>
  <testcase classname="day1.Day1" name="Register">
    <skipped/>
  </testcase> <!-- Register -->
  <system-out/>
  <testcase classname="day1.Day1" name="listResourse">
    <skipped/>
  </testcase> <!-- listResourse -->
  <system-out/>
  <testcase classname="day1.Day1" name="Delete">
    <skipped/>
  </testcase> <!-- Delete -->
  <system-out/>
  <testcase classname="day1.Day1" name="listuser">
    <skipped/>
  </testcase> <!-- listuser -->
  <system-out/>
  <testcase classname="day1.Day1" name="singleRessourse">
    <skipped/>
  </testcase> <!-- singleRessourse -->
  <system-out/>
  <testcase classname="day1.Day1" name="ListUsers">
    <skipped/>
  </testcase> <!-- ListUsers -->
  <system-out/>
  <testcase classname="day1.Day1" name="UnSuccessFullRegister">
    <skipped/>
  </testcase> <!-- UnSuccessFullRegister -->
  <system-out/>
  <testcase classname="day1.Day1" name="singleUser">
    <skipped/>
  </testcase> <!-- singleUser -->
  <system-out/>
</testsuite> <!-- day1.Day1 -->
